<?xml version="1.0" encoding="UTF-8"?>
<!-- Generated by org.testng.reporters.JUnitXMLReporter -->
<testsuite hostname="preetham-d" name="mViewerTesting with FF" tests="10" failures="0" timestamp="3 Oct 2012 08:41:47 GMT" time="7.333" errors="0">
  <testcase name="@BeforeClass beforeClass" time="0.0" classname="org.imaginea.mviewer.tests.TestNGClass">
    <failure type="java.lang.NullPointerException">
      <![CDATA[java.lang.NullPointerException
	at org.imaginea.mviewer.page.LoginPageClass.<init>(LoginPageClass.java:17)
	at org.imaginea.mviewer.tests.TestNGClass.beforeClass(TestNGClass.java:115)
... Removed 24 stack frames]]>
    </failure>
  </testcase> <!-- @BeforeClass beforeClass -->
  <testcase name="@BeforeMethod beforeMethod" time="0.0" classname="org.imaginea.mviewer.tests.TestNGClass">
    <skipped/>
  </testcase> <!-- @BeforeMethod beforeMethod -->
  <testcase name="@AfterMethod afterMethod" time="0.0" classname="org.imaginea.mviewer.tests.TestNGClass">
    <skipped/>
  </testcase> <!-- @AfterMethod afterMethod -->
  <testcase name="@BeforeMethod beforeMethod" time="0.0" classname="org.imaginea.mviewer.tests.TestNGClass">
    <skipped/>
  </testcase> <!-- @BeforeMethod beforeMethod -->
  <testcase name="@AfterMethod afterMethod" time="0.0" classname="org.imaginea.mviewer.tests.TestNGClass">
    <skipped/>
  </testcase> <!-- @AfterMethod afterMethod -->
  <testcase name="@BeforeMethod beforeMethod" time="0.0" classname="org.imaginea.mviewer.tests.TestNGClass">
    <skipped/>
  </testcase> <!-- @BeforeMethod beforeMethod -->
  <testcase name="@AfterMethod afterMethod" time="0.0" classname="org.imaginea.mviewer.tests.TestNGClass">
    <skipped/>
  </testcase> <!-- @AfterMethod afterMethod -->
  <testcase name="@BeforeMethod beforeMethod" time="0.0" classname="org.imaginea.mviewer.tests.TestNGClass">
    <skipped/>
  </testcase> <!-- @BeforeMethod beforeMethod -->
  <testcase name="@AfterMethod afterMethod" time="0.0" classname="org.imaginea.mviewer.tests.TestNGClass">
    <skipped/>
  </testcase> <!-- @AfterMethod afterMethod -->
  <testcase name="@BeforeMethod beforeMethod" time="0.0" classname="org.imaginea.mviewer.tests.TestNGClass">
    <skipped/>
  </testcase> <!-- @BeforeMethod beforeMethod -->
  <testcase name="@AfterMethod afterMethod" time="0.0" classname="org.imaginea.mviewer.tests.TestNGClass">
    <skipped/>
  </testcase> <!-- @AfterMethod afterMethod -->
  <testcase name="@AfterClass afterClass" time="0.0" classname="org.imaginea.mviewer.tests.TestNGClass">
    <skipped/>
  </testcase> <!-- @AfterClass afterClass -->
  <testcase name="@BeforeClass beforeClass" time="0.0" classname="org.imaginea.mviewer.tests.LeftNavigationTest">
    <failure type="org.openqa.selenium.NoSuchElementException" message="Unable to locate element: {&amp;quot;method&amp;quot;:&amp;quot;css selector&amp;quot;,&amp;quot;selector&amp;quot;:&amp;quot;button#login.bttn&amp;quot;}
Command duration or timeout: 5 milliseconds
For documentation on this error, please visit: http://seleniumhq.org/exceptions/no_such_element.html
Build info: version: &amp;apos;2.25.0&amp;apos;, revision: &amp;apos;17482&amp;apos;, time: &amp;apos;2012-07-18 21:09:54&amp;apos;
System info: os.name: &amp;apos;Windows 7&amp;apos;, os.arch: &amp;apos;amd64&amp;apos;, os.version: &amp;apos;6.1&amp;apos;, java.version: &amp;apos;1.7.0&amp;apos;
Driver info: driver.version: RemoteWebDriver
Session ID: 7d9fb1d3-38a9-4888-86c6-ebd813aef50f">
      <![CDATA[org.openqa.selenium.NoSuchElementException: Unable to locate element: {"method":"css selector","selector":"button#login.bttn"}
Command duration or timeout: 5 milliseconds
For documentation on this error, please visit: http://seleniumhq.org/exceptions/no_such_element.html
Build info: version: '2.25.0', revision: '17482', time: '2012-07-18 21:09:54'
System info: os.name: 'Windows 7', os.arch: 'amd64', os.version: '6.1', java.version: '1.7.0'
Driver info: driver.version: RemoteWebDriver
Session ID: 7d9fb1d3-38a9-4888-86c6-ebd813aef50f
	at org.openqa.selenium.remote.ErrorHandler.createThrowable(ErrorHandler.java:188)
	at org.openqa.selenium.remote.ErrorHandler.throwIfResponseFailed(ErrorHandler.java:145)
	at org.openqa.selenium.remote.RemoteWebDriver.execute(RemoteWebDriver.java:498)
	at org.openqa.selenium.remote.RemoteWebDriver.findElement(RemoteWebDriver.java:268)
	at org.openqa.selenium.remote.RemoteWebDriver.findElementByCssSelector(RemoteWebDriver.java:345)
	at org.openqa.selenium.By$ByCssSelector.findElement(By.java:406)
	at org.openqa.selenium.remote.RemoteWebDriver.findElement(RemoteWebDriver.java:260)
	at org.imaginea.mviewer.page.LoginPageClass.loginleft(LoginPageClass.java:36)
	at org.imaginea.mviewer.tests.LeftNavigationTest.beforeClass(LeftNavigationTest.java:56)
Caused by: org.openqa.selenium.remote.ErrorHandler$UnknownServerException: Unable to locate element: {"method":"css selector","selector":"button#login.bttn"}
Build info: version: '2.25.0', revision: '17482', time: '2012-07-18 21:09:54'
System info: os.name: 'Windows 7', os.arch: 'amd64', os.version: '6.1', java.version: '1.7.0'
Driver info: driver.version: unknown
	at <anonymous class>.<anonymous method>(file:///C:/Users/PREETH~1/AppData/Local/Temp/anonymous8625602137482295071webdriver-profile/extensions/fxdriver@googlecode.com/components/driver_component.js:6607)
	at <anonymous class>.<anonymous method>(file:///C:/Users/PREETH~1/AppData/Local/Temp/anonymous8625602137482295071webdriver-profile/extensions/fxdriver@googlecode.com/components/driver_component.js:6615)
	at <anonymous class>.<anonymous method>(file:///C:/Users/PREETH~1/AppData/Local/Temp/anonymous8625602137482295071webdriver-profile/extensions/fxdriver@googlecode.com/components/command_processor.js:10131)
	at <anonymous class>.<anonymous method>(file:///C:/Users/PREETH~1/AppData/Local/Temp/anonymous8625602137482295071webdriver-profile/extensions/fxdriver@googlecode.com/components/command_processor.js:10136)
	at <anonymous class>.<anonymous method>(file:///C:/Users/PREETH~1/AppData/Local/Temp/anonymous8625602137482295071webdriver-profile/extensions/fxdriver@googlecode.com/components/command_processor.js:10074)
... Removed 28 stack frames]]>
    </failure>
  </testcase> <!-- @BeforeClass beforeClass -->
  <testcase name="@BeforeMethod beforeMethod" time="0.0" classname="org.imaginea.mviewer.tests.LeftNavigationTest">
    <skipped/>
  </testcase> <!-- @BeforeMethod beforeMethod -->
  <testcase name="@AfterMethod afterMethod" time="0.0" classname="org.imaginea.mviewer.tests.LeftNavigationTest">
    <skipped/>
  </testcase> <!-- @AfterMethod afterMethod -->
  <testcase name="@AfterClass afterClass" time="0.0" classname="org.imaginea.mviewer.tests.LeftNavigationTest">
    <skipped/>
  </testcase> <!-- @AfterClass afterClass -->
  <testcase name="@AfterTest afterTest" time="0.0" classname="org.imaginea.mviewer.tests.LeftNavigationTest">
    <skipped/>
  </testcase> <!-- @AfterTest afterTest -->
  <testcase name="@AfterTest afterTest" time="0.0" classname="org.imaginea.mviewer.tests.LeftNavigationTest">
    <skipped/>
  </testcase> <!-- @AfterTest afterTest -->
  <testcase name="verifyLoginpage" time="0.0" classname="org.imaginea.mviewer.tests.TestNGClass">
    <skipped/>
  </testcase> <!-- verifyLoginpage -->
  <testcase name="verifyLoginpage" time="0.0" classname="org.imaginea.mviewer.tests.TestNGClass">
    <skipped/>
  </testcase> <!-- verifyLoginpage -->
  <testcase name="verifyLoginpage" time="0.0" classname="org.imaginea.mviewer.tests.TestNGClass">
    <skipped/>
  </testcase> <!-- verifyLoginpage -->
  <testcase name="verifyLoginpage" time="0.0" classname="org.imaginea.mviewer.tests.TestNGClass">
    <skipped/>
  </testcase> <!-- verifyLoginpage -->
  <testcase name="verifyLoginpage" time="0.001" classname="org.imaginea.mviewer.tests.TestNGClass">
    <skipped/>
  </testcase> <!-- verifyLoginpage -->
  <testcase name="loginmViewer" time="0.0" classname="org.imaginea.mviewer.tests.TestNGClass">
    <skipped/>
  </testcase> <!-- loginmViewer -->
  <testcase name="verifyHomePage" time="0.0" classname="org.imaginea.mviewer.tests.TestNGClass">
    <skipped/>
  </testcase> <!-- verifyHomePage -->
  <testcase name="navigatetoServerStatistics" time="0.001" classname="org.imaginea.mviewer.tests.TestNGClass">
    <skipped/>
  </testcase> <!-- navigatetoServerStatistics -->
  <testcase name="createDB" time="0.0" classname="org.imaginea.mviewer.tests.LeftNavigationTest">
    <skipped/>
  </testcase> <!-- createDB -->
  <testcase name="checkdbOptions" time="0.0" classname="org.imaginea.mviewer.tests.LeftNavigationTest">
    <skipped/>
  </testcase> <!-- checkdbOptions -->
</testsuite> <!-- mViewerTesting with FF -->
