<html>
<head>
<title>TestNG:  mViewerTesting with IE</title>
<link href="../testng.css" rel="stylesheet" type="text/css" />
<link href="../my-testng.css" rel="stylesheet" type="text/css" />

<style type="text/css">
.log { display: none;} 
.stack-trace { display: none;} 
</style>
<script type="text/javascript">
<!--
function flip(e) {
  current = e.style.display;
  if (current == 'block') {
    e.style.display = 'none';
    return 0;
  }
  else {
    e.style.display = 'block';
    return 1;
  }
}

function toggleBox(szDivId, elem, msg1, msg2)
{
  var res = -1;  if (document.getElementById) {
    res = flip(document.getElementById(szDivId));
  }
  else if (document.all) {
    // this is the way old msie versions work
    res = flip(document.all[szDivId]);
  }
  if(elem) {
    if(res == 0) elem.innerHTML = msg1; else elem.innerHTML = msg2;
  }

}

function toggleAllBoxes() {
  if (document.getElementsByTagName) {
    d = document.getElementsByTagName('div');
    for (i = 0; i < d.length; i++) {
      if (d[i].className == 'log') {
        flip(d[i]);
      }
    }
  }
}

// -->
</script>

</head>
<body>
<h2 align='center'>mViewerTesting with IE</h2><table border='1' align="center">
<tr>
<td>Tests passed/Failed/Skipped:</td><td>0/0/10</td>
</tr><tr>
<td>Started on:</td><td>Wed Oct 03 14:11:50 IST 2012</td>
</tr>
<tr><td>Total time:</td><td>15 seconds (15197 ms)</td>
</tr><tr>
<td>Included groups:</td><td></td>
</tr><tr>
<td>Excluded groups:</td><td></td>
</tr>
</table><p/>
<small><i>(Hover the method name to see the test class name)</i></small><p/>
<table width='100%' border='1' class='invocation-failed'>
<tr><td colspan='4' align='center'><b>FAILED CONFIGURATIONS</b></td></tr>
<tr><td><b>Test method</b></td>
<td width="30%"><b>Exception</b></td>
<td width="10%"><b>Time (seconds)</b></td>
<td><b>Instance</b></td>
</tr>
<tr>
<td title='org.imaginea.mviewer.tests.TestNGClass.beforeClass()'><b>beforeClass</b><br>Test class: org.imaginea.mviewer.tests.TestNGClass<br>Parameters: IE</td>
<td><div><pre>java.lang.NullPointerException
	at org.imaginea.mviewer.page.LoginPageClass.&lt;init&gt;(LoginPageClass.java:17)
	at org.imaginea.mviewer.tests.TestNGClass.beforeClass(TestNGClass.java:115)
... Removed 24 stack frames</pre></div><a href='#' onClick='toggleBox("stack-trace848713111", this, "Click to show all stack frames", "Click to hide stack frames")'>Click to show all stack frames</a>
<div class='stack-trace' id='stack-trace848713111'><pre>java.lang.NullPointerException
	at org.imaginea.mviewer.page.LoginPageClass.&lt;init&gt;(LoginPageClass.java:17)
	at org.imaginea.mviewer.tests.TestNGClass.beforeClass(TestNGClass.java:115)
	at sun.reflect.NativeMethodAccessorImpl.invoke0(Native Method)
	at sun.reflect.NativeMethodAccessorImpl.invoke(NativeMethodAccessorImpl.java:57)
	at sun.reflect.DelegatingMethodAccessorImpl.invoke(DelegatingMethodAccessorImpl.java:43)
	at java.lang.reflect.Method.invoke(Method.java:601)
	at org.testng.internal.MethodInvocationHelper.invokeMethod(MethodInvocationHelper.java:80)
	at org.testng.internal.Invoker.invokeConfigurationMethod(Invoker.java:564)
	at org.testng.internal.Invoker.invokeConfigurations(Invoker.java:213)
	at org.testng.internal.Invoker.invokeConfigurations(Invoker.java:138)
	at org.testng.internal.TestMethodWorker.invokeBeforeClassMethods(TestMethodWorker.java:175)
	at org.testng.internal.TestMethodWorker.run(TestMethodWorker.java:107)
	at org.testng.TestRunner.privateRun(TestRunner.java:767)
	at org.testng.TestRunner.run(TestRunner.java:617)
	at org.testng.SuiteRunner.runTest(SuiteRunner.java:334)
	at org.testng.SuiteRunner.runSequentially(SuiteRunner.java:329)
	at org.testng.SuiteRunner.privateRun(SuiteRunner.java:291)
	at org.testng.SuiteRunner.run(SuiteRunner.java:240)
	at org.testng.SuiteRunnerWorker.runSuite(SuiteRunnerWorker.java:52)
	at org.testng.SuiteRunnerWorker.run(SuiteRunnerWorker.java:86)
	at org.testng.TestNG.runSuitesSequentially(TestNG.java:1197)
	at org.testng.TestNG.runSuitesLocally(TestNG.java:1122)
	at org.testng.TestNG.run(TestNG.java:1030)
	at org.testng.remote.RemoteTestNG.run(RemoteTestNG.java:111)
	at org.testng.remote.RemoteTestNG.initAndRun(RemoteTestNG.java:204)
	at org.testng.remote.RemoteTestNG.main(RemoteTestNG.java:175)
</pre></div></td>
<td>0</td>
<td>org.imaginea.mviewer.tests.TestNGClass@bddc6</td></tr>
<tr>
<td title='org.imaginea.mviewer.tests.LeftNavigationTest.beforeClass()'><b>beforeClass</b><br>Test class: org.imaginea.mviewer.tests.LeftNavigationTest</td>
<td><div><pre>org.openqa.selenium.NoSuchElementException: Unable to locate element: {&quot;method&quot;:&quot;css selector&quot;,&quot;selector&quot;:&quot;button#login.bttn&quot;}
Command duration or timeout: 18 milliseconds
For documentation on this error, please visit: http://seleniumhq.org/exceptions/no_such_element.html
Build info: version: &apos;2.25.0&apos;, revision: &apos;17482&apos;, time: &apos;2012-07-18 21:09:54&apos;
System info: os.name: &apos;Windows 7&apos;, os.arch: &apos;amd64&apos;, os.version: &apos;6.1&apos;, java.version: &apos;1.7.0&apos;
Driver info: driver.version: RemoteWebDriver
Session ID: b5fe7dc9-b875-47bd-82f0-acf00ea1390f
	at org.openqa.selenium.remote.ErrorHandler.createThrowable(ErrorHandler.java:188)
	at org.openqa.selenium.remote.ErrorHandler.throwIfResponseFailed(ErrorHandler.java:145)
	at org.openqa.selenium.remote.RemoteWebDriver.execute(RemoteWebDriver.java:498)
	at org.openqa.selenium.remote.RemoteWebDriver.findElement(RemoteWebDriver.java:268)
	at org.openqa.selenium.remote.RemoteWebDriver.findElementByCssSelector(RemoteWebDriver.java:345)
	at org.openqa.selenium.By$ByCssSelector.findElement(By.java:406)
	at org.openqa.selenium.remote.RemoteWebDriver.findElement(RemoteWebDriver.java:260)
	at org.imaginea.mviewer.page.LoginPageClass.loginleft(LoginPageClass.java:36)
	at org.imaginea.mviewer.tests.LeftNavigationTest.beforeClass(LeftNavigationTest.java:56)
Caused by: org.openqa.selenium.remote.ErrorHandler$UnknownServerException: Unable to locate element: {&quot;method&quot;:&quot;css selector&quot;,&quot;selector&quot;:&quot;button#login.bttn&quot;}
Build info: version: &apos;2.25.0&apos;, revision: &apos;17482&apos;, time: &apos;2012-07-18 21:09:54&apos;
System info: os.name: &apos;Windows 7&apos;, os.arch: &apos;amd64&apos;, os.version: &apos;6.1&apos;, java.version: &apos;1.7.0&apos;
Driver info: driver.version: unknown
	at &lt;anonymous class&gt;.&lt;anonymous method&gt;(file:///C:/Users/PREETH~1/AppData/Local/Temp/anonymous4700371644579640375webdriver-profile/extensions/fxdriver@googlecode.com/components/driver_component.js:6607)
	at &lt;anonymous class&gt;.&lt;anonymous method&gt;(file:///C:/Users/PREETH~1/AppData/Local/Temp/anonymous4700371644579640375webdriver-profile/extensions/fxdriver@googlecode.com/components/driver_component.js:6615)
	at &lt;anonymous class&gt;.&lt;anonymous method&gt;(file:///C:/Users/PREETH~1/AppData/Local/Temp/anonymous4700371644579640375webdriver-profile/extensions/fxdriver@googlecode.com/components/command_processor.js:10131)
	at &lt;anonymous class&gt;.&lt;anonymous method&gt;(file:///C:/Users/PREETH~1/AppData/Local/Temp/anonymous4700371644579640375webdriver-profile/extensions/fxdriver@googlecode.com/components/command_processor.js:10136)
	at &lt;anonymous class&gt;.&lt;anonymous method&gt;(file:///C:/Users/PREETH~1/AppData/Local/Temp/anonymous4700371644579640375webdriver-profile/extensions/fxdriver@googlecode.com/components/command_processor.js:10074)
... Removed 28 stack frames</pre></div><a href='#' onClick='toggleBox("stack-trace1984483133", this, "Click to show all stack frames", "Click to hide stack frames")'>Click to show all stack frames</a>
<div class='stack-trace' id='stack-trace1984483133'><pre>org.openqa.selenium.NoSuchElementException: Unable to locate element: {&quot;method&quot;:&quot;css selector&quot;,&quot;selector&quot;:&quot;button#login.bttn&quot;}
Command duration or timeout: 18 milliseconds
For documentation on this error, please visit: http://seleniumhq.org/exceptions/no_such_element.html
Build info: version: &apos;2.25.0&apos;, revision: &apos;17482&apos;, time: &apos;2012-07-18 21:09:54&apos;
System info: os.name: &apos;Windows 7&apos;, os.arch: &apos;amd64&apos;, os.version: &apos;6.1&apos;, java.version: &apos;1.7.0&apos;
Driver info: driver.version: RemoteWebDriver
Session ID: b5fe7dc9-b875-47bd-82f0-acf00ea1390f
	at sun.reflect.NativeConstructorAccessorImpl.newInstance0(Native Method)
	at sun.reflect.NativeConstructorAccessorImpl.newInstance(NativeConstructorAccessorImpl.java:57)
	at sun.reflect.DelegatingConstructorAccessorImpl.newInstance(DelegatingConstructorAccessorImpl.java:45)
	at java.lang.reflect.Constructor.newInstance(Constructor.java:525)
	at org.openqa.selenium.remote.ErrorHandler.createThrowable(ErrorHandler.java:188)
	at org.openqa.selenium.remote.ErrorHandler.throwIfResponseFailed(ErrorHandler.java:145)
	at org.openqa.selenium.remote.RemoteWebDriver.execute(RemoteWebDriver.java:498)
	at org.openqa.selenium.remote.RemoteWebDriver.findElement(RemoteWebDriver.java:268)
	at org.openqa.selenium.remote.RemoteWebDriver.findElementByCssSelector(RemoteWebDriver.java:345)
	at org.openqa.selenium.By$ByCssSelector.findElement(By.java:406)
	at org.openqa.selenium.remote.RemoteWebDriver.findElement(RemoteWebDriver.java:260)
	at org.imaginea.mviewer.page.LoginPageClass.loginleft(LoginPageClass.java:36)
	at org.imaginea.mviewer.tests.LeftNavigationTest.beforeClass(LeftNavigationTest.java:56)
	at sun.reflect.NativeMethodAccessorImpl.invoke0(Native Method)
	at sun.reflect.NativeMethodAccessorImpl.invoke(NativeMethodAccessorImpl.java:57)
	at sun.reflect.DelegatingMethodAccessorImpl.invoke(DelegatingMethodAccessorImpl.java:43)
	at java.lang.reflect.Method.invoke(Method.java:601)
	at org.testng.internal.MethodInvocationHelper.invokeMethod(MethodInvocationHelper.java:80)
	at org.testng.internal.Invoker.invokeConfigurationMethod(Invoker.java:564)
	at org.testng.internal.Invoker.invokeConfigurations(Invoker.java:213)
	at org.testng.internal.Invoker.invokeConfigurations(Invoker.java:138)
	at org.testng.internal.TestMethodWorker.invokeBeforeClassMethods(TestMethodWorker.java:175)
	at org.testng.internal.TestMethodWorker.run(TestMethodWorker.java:107)
	at org.testng.TestRunner.privateRun(TestRunner.java:767)
	at org.testng.TestRunner.run(TestRunner.java:617)
	at org.testng.SuiteRunner.runTest(SuiteRunner.java:334)
	at org.testng.SuiteRunner.runSequentially(SuiteRunner.java:329)
	at org.testng.SuiteRunner.privateRun(SuiteRunner.java:291)
	at org.testng.SuiteRunner.run(SuiteRunner.java:240)
	at org.testng.SuiteRunnerWorker.runSuite(SuiteRunnerWorker.java:52)
	at org.testng.SuiteRunnerWorker.run(SuiteRunnerWorker.java:86)
	at org.testng.TestNG.runSuitesSequentially(TestNG.java:1197)
	at org.testng.TestNG.runSuitesLocally(TestNG.java:1122)
	at org.testng.TestNG.run(TestNG.java:1030)
	at org.testng.remote.RemoteTestNG.run(RemoteTestNG.java:111)
	at org.testng.remote.RemoteTestNG.initAndRun(RemoteTestNG.java:204)
	at org.testng.remote.RemoteTestNG.main(RemoteTestNG.java:175)
Caused by: org.openqa.selenium.remote.ErrorHandler$UnknownServerException: Unable to locate element: {&quot;method&quot;:&quot;css selector&quot;,&quot;selector&quot;:&quot;button#login.bttn&quot;}
Build info: version: &apos;2.25.0&apos;, revision: &apos;17482&apos;, time: &apos;2012-07-18 21:09:54&apos;
System info: os.name: &apos;Windows 7&apos;, os.arch: &apos;amd64&apos;, os.version: &apos;6.1&apos;, java.version: &apos;1.7.0&apos;
Driver info: driver.version: unknown
	at &lt;anonymous class&gt;.&lt;anonymous method&gt;(file:///C:/Users/PREETH~1/AppData/Local/Temp/anonymous4700371644579640375webdriver-profile/extensions/fxdriver@googlecode.com/components/driver_component.js:6607)
	at &lt;anonymous class&gt;.&lt;anonymous method&gt;(file:///C:/Users/PREETH~1/AppData/Local/Temp/anonymous4700371644579640375webdriver-profile/extensions/fxdriver@googlecode.com/components/driver_component.js:6615)
	at &lt;anonymous class&gt;.&lt;anonymous method&gt;(file:///C:/Users/PREETH~1/AppData/Local/Temp/anonymous4700371644579640375webdriver-profile/extensions/fxdriver@googlecode.com/components/command_processor.js:10131)
	at &lt;anonymous class&gt;.&lt;anonymous method&gt;(file:///C:/Users/PREETH~1/AppData/Local/Temp/anonymous4700371644579640375webdriver-profile/extensions/fxdriver@googlecode.com/components/command_processor.js:10136)
	at &lt;anonymous class&gt;.&lt;anonymous method&gt;(file:///C:/Users/PREETH~1/AppData/Local/Temp/anonymous4700371644579640375webdriver-profile/extensions/fxdriver@googlecode.com/components/command_processor.js:10074)
</pre></div></td>
<td>0</td>
<td>org.imaginea.mviewer.tests.LeftNavigationTest@b0cf230</td></tr>
</table><p>
<table width='100%' border='1' class='invocation-skipped'>
<tr><td colspan='4' align='center'><b>SKIPPED CONFIGURATIONS</b></td></tr>
<tr><td><b>Test method</b></td>
<td width="30%"><b>Exception</b></td>
<td width="10%"><b>Time (seconds)</b></td>
<td><b>Instance</b></td>
</tr>
<tr>
<td title='org.imaginea.mviewer.tests.TestNGClass.beforeMethod()'><b>beforeMethod</b><br>Test class: org.imaginea.mviewer.tests.TestNGClass</td>
<td></td>
<td>0</td>
<td>org.imaginea.mviewer.tests.TestNGClass@bddc6</td></tr>
<tr>
<td title='org.imaginea.mviewer.tests.TestNGClass.beforeMethod()'><b>beforeMethod</b><br>Test class: org.imaginea.mviewer.tests.TestNGClass</td>
<td></td>
<td>0</td>
<td>org.imaginea.mviewer.tests.TestNGClass@bddc6</td></tr>
<tr>
<td title='org.imaginea.mviewer.tests.TestNGClass.beforeMethod()'><b>beforeMethod</b><br>Test class: org.imaginea.mviewer.tests.TestNGClass</td>
<td></td>
<td>0</td>
<td>org.imaginea.mviewer.tests.TestNGClass@bddc6</td></tr>
<tr>
<td title='org.imaginea.mviewer.tests.TestNGClass.beforeMethod()'><b>beforeMethod</b><br>Test class: org.imaginea.mviewer.tests.TestNGClass</td>
<td></td>
<td>0</td>
<td>org.imaginea.mviewer.tests.TestNGClass@bddc6</td></tr>
<tr>
<td title='org.imaginea.mviewer.tests.TestNGClass.beforeMethod()'><b>beforeMethod</b><br>Test class: org.imaginea.mviewer.tests.TestNGClass</td>
<td></td>
<td>0</td>
<td>org.imaginea.mviewer.tests.TestNGClass@bddc6</td></tr>
<tr>
<td title='org.imaginea.mviewer.tests.LeftNavigationTest.beforeMethod()'><b>beforeMethod</b><br>Test class: org.imaginea.mviewer.tests.LeftNavigationTest</td>
<td></td>
<td>0</td>
<td>org.imaginea.mviewer.tests.LeftNavigationTest@b0cf230</td></tr>
<tr>
<td title='org.imaginea.mviewer.tests.TestNGClass.afterMethod()'><b>afterMethod</b><br>Test class: org.imaginea.mviewer.tests.TestNGClass</td>
<td></td>
<td>0</td>
<td>org.imaginea.mviewer.tests.TestNGClass@bddc6</td></tr>
<tr>
<td title='org.imaginea.mviewer.tests.TestNGClass.afterMethod()'><b>afterMethod</b><br>Test class: org.imaginea.mviewer.tests.TestNGClass</td>
<td></td>
<td>0</td>
<td>org.imaginea.mviewer.tests.TestNGClass@bddc6</td></tr>
<tr>
<td title='org.imaginea.mviewer.tests.TestNGClass.afterMethod()'><b>afterMethod</b><br>Test class: org.imaginea.mviewer.tests.TestNGClass</td>
<td></td>
<td>0</td>
<td>org.imaginea.mviewer.tests.TestNGClass@bddc6</td></tr>
<tr>
<td title='org.imaginea.mviewer.tests.TestNGClass.afterMethod()'><b>afterMethod</b><br>Test class: org.imaginea.mviewer.tests.TestNGClass</td>
<td></td>
<td>0</td>
<td>org.imaginea.mviewer.tests.TestNGClass@bddc6</td></tr>
<tr>
<td title='org.imaginea.mviewer.tests.TestNGClass.afterMethod()'><b>afterMethod</b><br>Test class: org.imaginea.mviewer.tests.TestNGClass</td>
<td></td>
<td>0</td>
<td>org.imaginea.mviewer.tests.TestNGClass@bddc6</td></tr>
<tr>
<td title='org.imaginea.mviewer.tests.LeftNavigationTest.afterMethod()'><b>afterMethod</b><br>Test class: org.imaginea.mviewer.tests.LeftNavigationTest</td>
<td></td>
<td>0</td>
<td>org.imaginea.mviewer.tests.LeftNavigationTest@b0cf230</td></tr>
<tr>
<td title='org.imaginea.mviewer.tests.TestNGClass.afterClass()'><b>afterClass</b><br>Test class: org.imaginea.mviewer.tests.TestNGClass</td>
<td></td>
<td>0</td>
<td>org.imaginea.mviewer.tests.TestNGClass@bddc6</td></tr>
<tr>
<td title='org.imaginea.mviewer.tests.LeftNavigationTest.afterClass()'><b>afterClass</b><br>Test class: org.imaginea.mviewer.tests.LeftNavigationTest</td>
<td></td>
<td>0</td>
<td>org.imaginea.mviewer.tests.LeftNavigationTest@b0cf230</td></tr>
<tr>
<td title='org.imaginea.mviewer.tests.LeftNavigationTest.afterTest()'><b>afterTest</b><br>Test class: org.imaginea.mviewer.tests.LeftNavigationTest</td>
<td></td>
<td>0</td>
<td>null</td></tr>
<tr>
<td title='org.imaginea.mviewer.tests.LeftNavigationTest.afterTest()'><b>afterTest</b><br>Test class: org.imaginea.mviewer.tests.LeftNavigationTest</td>
<td></td>
<td>0</td>
<td>null</td></tr>
</table><p>
<table width='100%' border='1' class='invocation-skipped'>
<tr><td colspan='4' align='center'><b>SKIPPED TESTS</b></td></tr>
<tr><td><b>Test method</b></td>
<td width="30%"><b>Exception</b></td>
<td width="10%"><b>Time (seconds)</b></td>
<td><b>Instance</b></td>
</tr>
<tr>
<td title='org.imaginea.mviewer.tests.LeftNavigationTest.checkdbOptions()'><b>checkdbOptions</b><br>Test class: org.imaginea.mviewer.tests.LeftNavigationTest</td>
<td></td>
<td>0</td>
<td>null</td></tr>
<tr>
<td title='org.imaginea.mviewer.tests.LeftNavigationTest.createDB()'><b>createDB</b><br>Test class: org.imaginea.mviewer.tests.LeftNavigationTest</td>
<td></td>
<td>0</td>
<td>org.imaginea.mviewer.tests.LeftNavigationTest@b0cf230</td></tr>
<tr>
<td title='org.imaginea.mviewer.tests.TestNGClass.loginmViewer()'><b>loginmViewer</b><br>Test class: org.imaginea.mviewer.tests.TestNGClass</td>
<td></td>
<td>0</td>
<td>null</td></tr>
<tr>
<td title='org.imaginea.mviewer.tests.TestNGClass.navigatetoServerStatistics()'><b>navigatetoServerStatistics</b><br>Test class: org.imaginea.mviewer.tests.TestNGClass</td>
<td></td>
<td>0</td>
<td>null</td></tr>
<tr>
<td title='org.imaginea.mviewer.tests.TestNGClass.verifyHomePage()'><b>verifyHomePage</b><br>Test class: org.imaginea.mviewer.tests.TestNGClass</td>
<td></td>
<td>0</td>
<td>null</td></tr>
<tr>
<td title='org.imaginea.mviewer.tests.TestNGClass.verifyLoginpage()'><b>verifyLoginpage</b><br>Test class: org.imaginea.mviewer.tests.TestNGClass<br>Parameters: input#host, 127.0.0.1</td>
<td></td>
<td>0</td>
<td>org.imaginea.mviewer.tests.TestNGClass@bddc6</td></tr>
<tr>
<td title='org.imaginea.mviewer.tests.TestNGClass.verifyLoginpage()'><b>verifyLoginpage</b><br>Test class: org.imaginea.mviewer.tests.TestNGClass<br>Parameters: input#port, 27017</td>
<td></td>
<td>0</td>
<td>org.imaginea.mviewer.tests.TestNGClass@bddc6</td></tr>
<tr>
<td title='org.imaginea.mviewer.tests.TestNGClass.verifyLoginpage()'><b>verifyLoginpage</b><br>Test class: org.imaginea.mviewer.tests.TestNGClass<br>Parameters: input#username, </td>
<td></td>
<td>0</td>
<td>org.imaginea.mviewer.tests.TestNGClass@bddc6</td></tr>
<tr>
<td title='org.imaginea.mviewer.tests.TestNGClass.verifyLoginpage()'><b>verifyLoginpage</b><br>Test class: org.imaginea.mviewer.tests.TestNGClass<br>Parameters: input#password, </td>
<td></td>
<td>0</td>
<td>org.imaginea.mviewer.tests.TestNGClass@bddc6</td></tr>
<tr>
<td title='org.imaginea.mviewer.tests.TestNGClass.verifyLoginpage()'><b>verifyLoginpage</b><br>Test class: org.imaginea.mviewer.tests.TestNGClass<br>Parameters: input#databases, </td>
<td></td>
<td>0</td>
<td>org.imaginea.mviewer.tests.TestNGClass@bddc6</td></tr>
</table><p>
</body>
</html>