<?xml version="1.0" encoding="UTF-8"?>
<!-- Generated by org.testng.reporters.JUnitReportReporter -->
<testsuite hostname="preetham-d" name="mViewerScripts.TestNGClass" tests="19" failures="2" timestamp="3 Oct 2012 05:34:50 GMT" time="12.410" errors="0">
  <testcase name="verifyHomePage" time="0.029" classname="mViewerScripts.TestNGClass"/>
  <testcase name="verifyLoginpage" time="0.067" classname="mViewerScripts.TestNGClass"/>
  <testcase name="verifyLoginpage" time="0.031" classname="mViewerScripts.TestNGClass"/>
  <testcase name="verifyHomePage" time="0.026" classname="mViewerScripts.TestNGClass"/>
  <testcase name="verifyLoginpage" time="0.034" classname="mViewerScripts.TestNGClass"/>
  <testcase name="verifyHomePage" time="0.023" classname="mViewerScripts.TestNGClass"/>
  <testcase name="disconnect" time="0.000" classname="mViewerScripts.TestNGClass"/>
  <testcase name="verifyHomePage" time="0.027" classname="mViewerScripts.TestNGClass"/>
  <testcase name="verifyLoginpage" time="0.034" classname="mViewerScripts.TestNGClass"/>
  <testcase name="verifyLoginpage" time="0.038" classname="mViewerScripts.TestNGClass"/>
  <testcase name="verifyHomePage" time="0.023" classname="mViewerScripts.TestNGClass"/>
  <testcase name="loginmViewer" time="1.112" classname="mViewerScripts.TestNGClass"/>
  <testcase name="verifyHomePage" time="0.023" classname="mViewerScripts.TestNGClass"/>
  <testcase name="verifyHomePage" time="0.021" classname="mViewerScripts.TestNGClass"/>
  <testcase name="verifyHomePage" time="0.033" classname="mViewerScripts.TestNGClass"/>
  <testcase name="verifyHomePage" time="0.022" classname="mViewerScripts.TestNGClass"/>
  <testcase name="verifyHomePage" time="0.021" classname="mViewerScripts.TestNGClass"/>
  <testcase name="navigatetoGraphsPage" time="10.718" classname="mViewerScripts.TestNGClass">
    <failure type="org.openqa.selenium.NoSuchElementException" message="Unable to locate element: {&quot;method&quot;:&quot;css selector&quot;,&quot;selector&quot;:&quot;button#animation.bttn&quot;}
Command duration or timeout: 10.20 seconds
For documentation on this error, please visit: http://seleniumhq.org/exceptions/no_such_element.html
Build info: version: &#039;2.25.0&#039;, revision: &#039;17482&#039;, time: &#039;2012-07-18 21:09:54&#039;
System info: os.name: &#039;Windows 7&#039;, os.arch: &#039;amd64&#039;, os.version: &#039;6.1&#039;, java.version: &#039;1.7.0&#039;
Driver info: driver.version: RemoteWebDriver
Session ID: 4f3ed572-7f52-4588-8380-33c67261387b">
      <![CDATA[org.openqa.selenium.NoSuchElementException: Unable to locate element: {"method":"css selector","selector":"button#animation.bttn"}
Command duration or timeout: 10.20 seconds
For documentation on this error, please visit: http://seleniumhq.org/exceptions/no_such_element.html
Build info: version: '2.25.0', revision: '17482', time: '2012-07-18 21:09:54'
System info: os.name: 'Windows 7', os.arch: 'amd64', os.version: '6.1', java.version: '1.7.0'
Driver info: driver.version: RemoteWebDriver
Session ID: 4f3ed572-7f52-4588-8380-33c67261387b
	at sun.reflect.NativeConstructorAccessorImpl.newInstance0(Native Method)
	at sun.reflect.NativeConstructorAccessorImpl.newInstance(NativeConstructorAccessorImpl.java:57)
	at sun.reflect.DelegatingConstructorAccessorImpl.newInstance(DelegatingConstructorAccessorImpl.java:45)
	at java.lang.reflect.Constructor.newInstance(Constructor.java:525)
	at org.openqa.selenium.remote.ErrorHandler.createThrowable(ErrorHandler.java:188)
	at org.openqa.selenium.remote.ErrorHandler.throwIfResponseFailed(ErrorHandler.java:145)
	at org.openqa.selenium.remote.RemoteWebDriver.execute(RemoteWebDriver.java:498)
	at org.openqa.selenium.remote.RemoteWebDriver.findElement(RemoteWebDriver.java:268)
	at org.openqa.selenium.remote.RemoteWebDriver.findElementByCssSelector(RemoteWebDriver.java:345)
	at org.openqa.selenium.By$ByCssSelector.findElement(By.java:406)
	at org.openqa.selenium.remote.RemoteWebDriver.findElement(RemoteWebDriver.java:260)
	at mViewerScripts.MongoGraphsPage.verifyGraphsPage(MongoGraphsPage.java:16)
	at mViewerScripts.TestNGClass.navigatetoGraphsPage(TestNGClass.java:80)
	at sun.reflect.NativeMethodAccessorImpl.invoke0(Native Method)
	at sun.reflect.NativeMethodAccessorImpl.invoke(NativeMethodAccessorImpl.java:57)
	at sun.reflect.DelegatingMethodAccessorImpl.invoke(DelegatingMethodAccessorImpl.java:43)
	at java.lang.reflect.Method.invoke(Method.java:601)
	at org.testng.internal.MethodInvocationHelper.invokeMethod(MethodInvocationHelper.java:80)
	at org.testng.internal.Invoker.invokeMethod(Invoker.java:714)
	at org.testng.internal.Invoker.invokeTestMethod(Invoker.java:901)
	at org.testng.internal.Invoker.invokeTestMethods(Invoker.java:1231)
	at org.testng.internal.TestMethodWorker.invokeTestMethods(TestMethodWorker.java:127)
	at org.testng.internal.TestMethodWorker.run(TestMethodWorker.java:111)
	at org.testng.TestRunner.privateRun(TestRunner.java:767)
	at org.testng.TestRunner.run(TestRunner.java:617)
	at org.testng.SuiteRunner.runTest(SuiteRunner.java:334)
	at org.testng.SuiteRunner.runSequentially(SuiteRunner.java:329)
	at org.testng.SuiteRunner.privateRun(SuiteRunner.java:291)
	at org.testng.SuiteRunner.run(SuiteRunner.java:240)
	at org.testng.SuiteRunnerWorker.runSuite(SuiteRunnerWorker.java:52)
	at org.testng.SuiteRunnerWorker.run(SuiteRunnerWorker.java:86)
	at org.testng.TestNG.runSuitesSequentially(TestNG.java:1197)
	at org.testng.TestNG.runSuitesLocally(TestNG.java:1122)
	at org.testng.TestNG.run(TestNG.java:1030)
	at org.testng.remote.RemoteTestNG.run(RemoteTestNG.java:111)
	at org.testng.remote.RemoteTestNG.initAndRun(RemoteTestNG.java:204)
	at org.testng.remote.RemoteTestNG.main(RemoteTestNG.java:175)
Caused by: org.openqa.selenium.remote.ErrorHandler$UnknownServerException: Unable to locate element: {"method":"css selector","selector":"button#animation.bttn"}
Build info: version: '2.25.0', revision: '17482', time: '2012-07-18 21:09:54'
System info: os.name: 'Windows 7', os.arch: 'amd64', os.version: '6.1', java.version: '1.7.0'
Driver info: driver.version: unknown
	at <anonymous class>.<anonymous method>(file:///C:/Users/PREETH~1/AppData/Local/Temp/anonymous6001690945079675126webdriver-profile/extensions/fxdriver@googlecode.com/components/driver_component.js:6607)
	at <anonymous class>.<anonymous method>(file:///C:/Users/PREETH~1/AppData/Local/Temp/anonymous6001690945079675126webdriver-profile/extensions/fxdriver@googlecode.com/components/driver_component.js:471)
]]>
    </failure>
  </testcase> <!-- navigatetoGraphsPage -->
  <testcase name="navigatetoServerStatistics" time="0.128" classname="mViewerScripts.TestNGClass"/>
</testsuite> <!-- mViewerScripts.TestNGClass -->
